08/29/12 3:55:38 PM: Starting Program.
08/29/12 3:55:38 PM: Getting number of Databases.
08/29/12 3:55:38 PM: Filling an array with the files that have been compressed.
08/29/12 3:55:38 PM: Adding files to the array of .rar files.
08/29/12 3:55:38 PM: Pushing out the oldest .rar file from the array of .rar files.
08/29/12 3:55:38 PM: Adding files to the array of .rar files.
08/29/12 3:55:38 PM: Pushing out the oldest month from the array of file months
08/29/12 3:55:38 PM: Adding files to the array of .rar files.
08/29/12 3:55:38 PM: Pushing out the oldest .rar file from the array of .rar files.
08/29/12 3:55:38 PM: Adding files to the array of .rar files.
08/29/12 3:55:38 PM: Pushing out the oldest month from the array of file months
08/29/12 3:55:38 PM: Adding files to the array of .rar files.
08/29/12 3:55:38 PM: Pushing out the oldest .rar file from the array of .rar files.
08/29/12 3:55:38 PM: Adding files to the array of .rar files.
08/29/12 3:55:38 PM: Pushing out the oldest month from the array of file months
08/29/12 3:55:38 PM: Adding files to the array of .rar files.
08/29/12 3:55:38 PM: Pushing out the oldest .rar file from the array of .rar files.
08/29/12 3:55:38 PM: Adding files to the array of .rar files.
08/29/12 3:55:38 PM: Pushing out the oldest month from the array of file months
08/29/12 3:55:38 PM: Adding files to the array of .rar files.
08/29/12 3:55:38 PM: Pushing out the oldest .rar file from the array of .rar files.
08/29/12 3:55:38 PM: Adding files to the array of .rar files.
08/29/12 3:55:38 PM: Pushing out the oldest month from the array of file months
08/29/12 3:55:38 PM: Adding files to the array of .rar files.
08/29/12 3:55:38 PM: Pushing out the oldest .rar file from the array of .rar files.
08/29/12 3:55:38 PM: Adding files to the array of .rar files.
08/29/12 3:55:38 PM: Pushing out the oldest month from the array of file months
08/29/12 3:55:38 PM: Adding files to the array of .rar files.
08/29/12 3:55:38 PM: Pushing out the oldest .rar file from the array of .rar files.
08/29/12 3:55:38 PM: Adding files to the array of .rar files.
08/29/12 3:55:38 PM: Pushing out the oldest month from the array of file months
08/29/12 3:55:38 PM: Adding files to the array of .rar files.
08/29/12 3:55:38 PM: Pushing out the oldest .rar file from the array of .rar files.
08/29/12 3:55:38 PM: Adding files to the array of .rar files.
08/29/12 3:55:38 PM: Pushing out the oldest month from the array of file months
08/29/12 3:55:38 PM: Adding files to the array of .rar files.
08/29/12 3:55:38 PM: Pushing out the oldest .rar file from the array of .rar files.
08/29/12 3:55:38 PM: Adding files to the array of .rar files.
08/29/12 3:55:38 PM: Pushing out the oldest month from the array of file months
08/29/12 3:55:38 PM: Adding files to the array of .rar files.
08/29/12 3:55:38 PM: Pushing out the oldest .rar file from the array of .rar files.
08/29/12 3:55:38 PM: Adding files to the array of .rar files.
08/29/12 3:55:38 PM: Pushing out the oldest month from the array of file months
08/29/12 3:55:38 PM: Adding files to the array of .rar files.
08/29/12 3:55:38 PM: Pushing out the oldest .rar file from the array of .rar files.
08/29/12 3:55:38 PM: Adding files to the array of .rar files.
08/29/12 3:55:38 PM: Pushing out the oldest month from the array of file months
08/29/12 3:55:38 PM: Adding files to the array of .rar files.
08/29/12 3:55:38 PM: Pushing out the oldest .rar file from the array of .rar files.
08/29/12 3:55:38 PM: Adding files to the array of .rar files.
08/29/12 3:55:38 PM: Pushing out the oldest month from the array of file months
08/29/12 3:55:38 PM: Adding files to the array of .rar files.
08/29/12 3:55:38 PM: Pushing out the oldest .rar file from the array of .rar files.
08/29/12 3:55:38 PM: Adding files to the array of .rar files.
08/29/12 3:55:38 PM: Pushing out the oldest month from the array of file months
08/29/12 3:55:38 PM: Adding files to the array of .rar files.
08/29/12 3:55:38 PM: Pushing out the oldest .rar file from the array of .rar files.
08/29/12 3:55:38 PM: Adding files to the array of .rar files.
08/29/12 3:55:38 PM: Pushing out the oldest month from the array of file months
08/29/12 3:55:38 PM: Adding files to the array of .rar files.
08/29/12 3:55:38 PM: Pushing out the oldest .rar file from the array of .rar files.
08/29/12 3:55:38 PM: Adding files to the array of .rar files.
08/29/12 3:55:38 PM: Pushing out the oldest month from the array of file months
08/29/12 3:55:38 PM: Adding files to the array of .rar files.
08/29/12 3:55:38 PM: Pushing out the oldest .rar file from the array of .rar files.
08/29/12 3:55:38 PM: Adding files to the array of .rar files.
08/29/12 3:55:38 PM: Pushing out the oldest month from the array of file months
08/29/12 3:55:38 PM: Adding files to the array of .rar files.
08/29/12 3:55:38 PM: Pushing out the oldest .rar file from the array of .rar files.
08/29/12 3:55:38 PM: Adding files to the array of .rar files.
08/29/12 3:55:38 PM: Pushing out the oldest month from the array of file months
08/29/12 3:55:38 PM: Adding files to the array of .rar files.
08/29/12 3:55:38 PM: Pushing out the oldest .rar file from the array of .rar files.
08/29/12 3:55:38 PM: Adding files to the array of .rar files.
08/29/12 3:55:38 PM: Pushing out the oldest month from the array of file months
08/29/12 3:55:38 PM: Adding files to the array of .rar files.
08/29/12 3:55:38 PM: Pushing out the oldest .rar file from the array of .rar files.
08/29/12 3:55:38 PM: Adding files to the array of .rar files.
08/29/12 3:55:38 PM: Pushing out the oldest month from the array of file months
08/29/12 3:55:38 PM: Adding files to the array of .rar files.
08/29/12 3:55:38 PM: Pushing out the oldest .rar file from the array of .rar files.
08/29/12 3:55:38 PM: Adding files to the array of .rar files.
08/29/12 3:55:38 PM: Pushing out the oldest month from the array of file months
08/29/12 3:55:38 PM: Adding files to the array of .rar files.
08/29/12 3:55:38 PM: Pushing out the oldest .rar file from the array of .rar files.
08/29/12 3:55:38 PM: Adding files to the array of .rar files.
08/29/12 3:55:38 PM: Pushing out the oldest month from the array of file months
08/29/12 3:55:38 PM: Adding files to the array of .rar files.
08/29/12 3:55:38 PM: Pushing out the oldest .rar file from the array of .rar files.
08/29/12 3:55:38 PM: Adding files to the array of .rar files.
08/29/12 3:55:38 PM: Pushing out the oldest month from the array of file months
08/29/12 3:55:38 PM: Adding files to the array of .rar files.
08/29/12 3:55:38 PM: Pushing out the oldest .rar file from the array of .rar files.
08/29/12 3:55:38 PM: Adding files to the array of .rar files.
08/29/12 3:55:38 PM: Pushing out the oldest month from the array of file months
08/29/12 3:55:38 PM: Adding files to the array of .rar files.
08/29/12 3:55:38 PM: Pushing out the oldest .rar file from the array of .rar files.
08/29/12 3:55:38 PM: Adding files to the array of .rar files.
08/29/12 3:55:38 PM: Pushing out the oldest month from the array of file months
08/29/12 3:55:38 PM: Adding files to the array of .rar files.
08/29/12 3:55:38 PM: Pushing out the oldest .rar file from the array of .rar files.
08/29/12 3:55:38 PM: Adding files to the array of .rar files.
08/29/12 3:55:38 PM: Pushing out the oldest month from the array of file months
08/29/12 3:55:38 PM: Adding files to the array of .rar files.
08/29/12 3:55:38 PM: Pushing out the oldest .rar file from the array of .rar files.
08/29/12 3:55:38 PM: Adding files to the array of .rar files.
08/29/12 3:55:38 PM: Pushing out the oldest month from the array of file months
08/29/12 3:55:38 PM: Adding files to the array of .rar files.
08/29/12 3:55:38 PM: Pushing out the oldest .rar file from the array of .rar files.
08/29/12 3:55:38 PM: Adding files to the array of .rar files.
08/29/12 3:55:38 PM: Pushing out the oldest month from the array of file months
08/29/12 3:55:38 PM: Adding files to the array of .rar files.
08/29/12 3:55:38 PM: Pushing out the oldest .rar file from the array of .rar files.
08/29/12 3:55:38 PM: Adding files to the array of .rar files.
08/29/12 3:55:38 PM: Pushing out the oldest month from the array of file months
08/29/12 3:55:38 PM: Adding files to the array of .rar files.
08/29/12 3:55:38 PM: Pushing out the oldest .rar file from the array of .rar files.
08/29/12 3:55:38 PM: Adding files to the array of .rar files.
08/29/12 3:55:38 PM: Pushing out the oldest month from the array of file months
08/29/12 3:55:38 PM: Adding files to the array of .rar files.
08/29/12 3:55:38 PM: Pushing out the oldest .rar file from the array of .rar files.
08/29/12 3:55:38 PM: Adding files to the array of .rar files.
08/29/12 3:55:38 PM: Pushing out the oldest month from the array of file months
08/29/12 3:55:38 PM: Adding files to the array of .rar files.
08/29/12 3:55:38 PM: Pushing out the oldest .rar file from the array of .rar files.
08/29/12 3:55:38 PM: Adding files to the array of .rar files.
08/29/12 3:55:38 PM: Pushing out the oldest month from the array of file months
08/29/12 3:55:38 PM: Adding files to the array of .rar files.
08/29/12 3:55:38 PM: Pushing out the oldest .rar file from the array of .rar files.
08/29/12 3:55:38 PM: Adding files to the array of .rar files.
08/29/12 3:55:38 PM: Pushing out the oldest month from the array of file months
08/29/12 3:55:38 PM: Adding files to the array of .rar files.
08/29/12 3:55:38 PM: Pushing out the oldest .rar file from the array of .rar files.
08/29/12 3:55:38 PM: Adding files to the array of .rar files.
08/29/12 3:55:38 PM: Pushing out the oldest month from the array of file months
08/29/12 3:55:38 PM: Adding files to the array of .rar files.
08/29/12 3:55:38 PM: Pushing out the oldest .rar file from the array of .rar files.
08/29/12 3:55:38 PM: Adding files to the array of .rar files.
08/29/12 3:55:38 PM: Pushing out the oldest month from the array of file months
08/29/12 3:55:38 PM: Adding files to the array of .rar files.
08/29/12 3:55:38 PM: Pushing out the oldest .rar file from the array of .rar files.
08/29/12 3:55:38 PM: Adding files to the array of .rar files.
08/29/12 3:55:38 PM: Pushing out the oldest month from the array of file months
08/29/12 3:55:38 PM: Adding files to the array of .rar files.
08/29/12 3:55:38 PM: Pushing out the oldest .rar file from the array of .rar files.
08/29/12 3:55:38 PM: Adding files to the array of .rar files.
08/29/12 3:55:38 PM: Pushing out the oldest month from the array of file months
08/29/12 3:55:38 PM: Adding files to the array of .rar files.
08/29/12 3:55:38 PM: Pushing out the oldest .rar file from the array of .rar files.
08/29/12 3:55:38 PM: Adding files to the array of .rar files.
08/29/12 3:55:38 PM: Pushing out the oldest month from the array of file months
08/29/12 3:55:38 PM: Adding files to the array of .rar files.
08/29/12 3:55:38 PM: Pushing out the oldest .rar file from the array of .rar files.
08/29/12 3:55:38 PM: Adding files to the array of .rar files.
08/29/12 3:55:38 PM: Pushing out the oldest month from the array of file months
08/29/12 3:55:38 PM: Adding files to the array of .rar files.
08/29/12 3:55:38 PM: Pushing out the oldest .rar file from the array of .rar files.
08/29/12 3:55:38 PM: Adding files to the array of .rar files.
08/29/12 3:55:38 PM: Pushing out the oldest month from the array of file months
08/29/12 3:55:38 PM: Adding files to the array of .rar files.
08/29/12 3:55:38 PM: Pushing out the oldest .rar file from the array of .rar files.
08/29/12 3:55:38 PM: Adding files to the array of .rar files.
08/29/12 3:55:38 PM: Pushing out the oldest month from the array of file months
08/29/12 3:55:38 PM: Adding files to the array of .rar files.
08/29/12 3:55:38 PM: Pushing out the oldest .rar file from the array of .rar files.
08/29/12 3:55:38 PM: Adding files to the array of .rar files.
08/29/12 3:55:38 PM: Pushing out the oldest month from the array of file months
08/29/12 3:55:38 PM: Adding files to the array of .rar files.
08/29/12 3:55:38 PM: Pushing out the oldest .rar file from the array of .rar files.
08/29/12 3:55:38 PM: Adding files to the array of .rar files.
08/29/12 3:55:38 PM: Pushing out the oldest month from the array of file months
08/29/12 3:55:38 PM: Adding files to the array of .rar files.
08/29/12 3:55:38 PM: Pushing out the oldest .rar file from the array of .rar files.
08/29/12 3:55:38 PM: Adding files to the array of .rar files.
08/29/12 3:55:38 PM: Pushing out the oldest month from the array of file months
08/29/12 3:55:38 PM: Adding files to the array of .rar files.
08/29/12 3:55:38 PM: Pushing out the oldest .rar file from the array of .rar files.
08/29/12 3:55:38 PM: Adding files to the array of .rar files.
08/29/12 3:55:38 PM: Pushing out the oldest month from the array of file months
08/29/12 3:55:38 PM: Adding files to the array of .rar files.
08/29/12 3:55:38 PM: Pushing out the oldest .rar file from the array of .rar files.
08/29/12 3:55:38 PM: Adding files to the array of .rar files.
08/29/12 3:55:38 PM: Pushing out the oldest month from the array of file months
08/29/12 3:55:38 PM: Adding files to the array of .rar files.
08/29/12 3:55:38 PM: Pushing out the oldest .rar file from the array of .rar files.
08/29/12 3:55:38 PM: Adding files to the array of .rar files.
08/29/12 3:55:38 PM: Pushing out the oldest month from the array of file months
08/29/12 3:55:38 PM: Adding files to the array of .rar files.
08/29/12 3:55:38 PM: Pushing out the oldest .rar file from the array of .rar files.
08/29/12 3:55:38 PM: Adding files to the array of .rar files.
08/29/12 3:55:38 PM: Pushing out the oldest month from the array of file months
08/29/12 3:55:38 PM: Adding files to the array of .rar files.
08/29/12 3:55:38 PM: Pushing out the oldest .rar file from the array of .rar files.
08/29/12 3:55:38 PM: Adding files to the array of .rar files.
08/29/12 3:55:38 PM: Pushing out the oldest month from the array of file months
08/29/12 3:55:38 PM: Adding files to the array of .rar files.
08/29/12 3:55:38 PM: Pushing out the oldest .rar file from the array of .rar files.
08/29/12 3:55:38 PM: Adding files to the array of .rar files.
08/29/12 3:55:38 PM: Pushing out the oldest month from the array of file months
08/29/12 3:55:38 PM: Adding files to the array of .rar files.
08/29/12 3:55:38 PM: Pushing out the oldest .rar file from the array of .rar files.
08/29/12 3:55:38 PM: Adding files to the array of .rar files.
08/29/12 3:55:38 PM: Pushing out the oldest month from the array of file months
08/29/12 3:55:38 PM: Adding files to the array of .rar files.
08/29/12 3:55:38 PM: Pushing out the oldest .rar file from the array of .rar files.
08/29/12 3:55:38 PM: Adding files to the array of .rar files.
08/29/12 3:55:38 PM: Pushing out the oldest month from the array of file months
08/29/12 3:55:38 PM: Adding files to the array of .rar files.
08/29/12 3:55:38 PM: Pushing out the oldest .rar file from the array of .rar files.
08/29/12 3:55:38 PM: Adding files to the array of .rar files.
08/29/12 3:55:38 PM: Pushing out the oldest month from the array of file months
08/29/12 3:55:38 PM: Adding files to the array of .rar files.
08/29/12 3:55:38 PM: Pushing out the oldest .rar file from the array of .rar files.
08/29/12 3:55:38 PM: Adding files to the array of .rar files.
08/29/12 3:55:38 PM: Pushing out the oldest month from the array of file months
08/29/12 3:55:38 PM: Adding files to the array of .rar files.
08/29/12 3:55:38 PM: Pushing out the oldest .rar file from the array of .rar files.
08/29/12 3:55:38 PM: Adding files to the array of .rar files.
08/29/12 3:55:38 PM: Pushing out the oldest month from the array of file months
08/29/12 3:55:38 PM: Adding files to the array of .rar files.
08/29/12 3:55:38 PM: Pushing out the oldest .rar file from the array of .rar files.
08/29/12 3:55:38 PM: Adding files to the array of .rar files.
08/29/12 3:55:38 PM: Pushing out the oldest month from the array of file months
08/29/12 3:55:38 PM: Adding files to the array of .rar files.
08/29/12 3:55:38 PM: Pushing out the oldest .rar file from the array of .rar files.
08/29/12 3:55:38 PM: Adding files to the array of .rar files.
08/29/12 3:55:38 PM: Pushing out the oldest month from the array of file months
08/29/12 3:55:38 PM: Adding files to the array of .rar files.
08/29/12 3:55:38 PM: Pushing out the oldest .rar file from the array of .rar files.
08/29/12 3:55:38 PM: Adding files to the array of .rar files.
08/29/12 3:55:38 PM: Pushing out the oldest month from the array of file months
08/29/12 3:55:38 PM: Adding files to the array of .rar files.
08/29/12 3:55:38 PM: Pushing out the oldest .rar file from the array of .rar files.
08/29/12 3:55:38 PM: Adding files to the array of .rar files.
08/29/12 3:55:38 PM: Pushing out the oldest month from the array of file months
08/29/12 3:55:38 PM: Adding files to the array of .rar files.
08/29/12 3:55:38 PM: Pushing out the oldest .rar file from the array of .rar files.
08/29/12 3:55:38 PM: Adding files to the array of .rar files.
08/29/12 3:55:38 PM: Pushing out the oldest month from the array of file months
08/29/12 3:55:38 PM: Adding files to the array of .rar files.
08/29/12 3:55:38 PM: Pushing out the oldest .rar file from the array of .rar files.
08/29/12 3:55:38 PM: Adding files to the array of .rar files.
08/29/12 3:55:38 PM: Pushing out the oldest month from the array of file months
08/29/12 3:55:38 PM: Adding files to the array of .rar files.
08/29/12 3:55:38 PM: Pushing out the oldest .rar file from the array of .rar files.
08/29/12 3:55:38 PM: Adding files to the array of .rar files.
08/29/12 3:55:38 PM: Pushing out the oldest month from the array of file months
08/29/12 3:55:38 PM: Adding files to the array of .rar files.
08/29/12 3:55:38 PM: Pushing out the oldest .rar file from the array of .rar files.
08/29/12 3:55:38 PM: Adding files to the array of .rar files.
08/29/12 3:55:38 PM: Pushing out the oldest month from the array of file months
08/29/12 3:55:38 PM: Adding files to the array of .rar files.
08/29/12 3:55:38 PM: Pushing out the oldest .rar file from the array of .rar files.
08/29/12 3:55:38 PM: Adding files to the array of .rar files.
08/29/12 3:55:38 PM: Pushing out the oldest month from the array of file months
08/29/12 3:55:38 PM: Adding files to the array of .rar files.
08/29/12 3:55:38 PM: Pushing out the oldest .rar file from the array of .rar files.
08/29/12 3:55:38 PM: Adding files to the array of .rar files.
08/29/12 3:55:38 PM: Pushing out the oldest month from the array of file months
08/29/12 3:55:38 PM: Adding files to the array of .rar files.
08/29/12 3:55:38 PM: Pushing out the oldest .rar file from the array of .rar files.
08/29/12 3:55:38 PM: Adding files to the array of .rar files.
08/29/12 3:55:38 PM: Pushing out the oldest month from the array of file months
08/29/12 3:55:38 PM: Adding files to the array of .rar files.
08/29/12 3:55:38 PM: Pushing out the oldest .rar file from the array of .rar files.
08/29/12 3:55:38 PM: Adding files to the array of .rar files.
08/29/12 3:55:38 PM: Pushing out the oldest month from the array of file months
08/29/12 3:55:38 PM: Adding files to the array of .rar files.
08/29/12 3:55:38 PM: Pushing out the oldest .rar file from the array of .rar files.
08/29/12 3:55:38 PM: Adding files to the array of .rar files.
08/29/12 3:55:38 PM: Pushing out the oldest month from the array of file months
08/29/12 3:55:38 PM: Adding files to the array of .rar files.
08/29/12 3:55:38 PM: Pushing out the oldest .rar file from the array of .rar files.
08/29/12 3:55:38 PM: Adding files to the array of .rar files.
08/29/12 3:55:38 PM: Pushing out the oldest month from the array of file months
08/29/12 3:55:38 PM: Adding files to the array of .rar files.
08/29/12 3:55:38 PM: Pushing out the oldest .rar file from the array of .rar files.
08/29/12 3:55:38 PM: Adding files to the array of .rar files.
08/29/12 3:55:38 PM: Pushing out the oldest month from the array of file months
08/29/12 3:55:38 PM: Adding files to the array of .rar files.
08/29/12 3:55:38 PM: Pushing out the oldest .rar file from the array of .rar files.
08/29/12 3:55:38 PM: Adding files to the array of .rar files.
08/29/12 3:55:38 PM: Pushing out the oldest month from the array of file months
08/29/12 3:55:38 PM: Adding files to the array of .rar files.
08/29/12 3:55:38 PM: Pushing out the oldest .rar file from the array of .rar files.
08/29/12 3:55:38 PM: Adding files to the array of .rar files.
08/29/12 3:55:38 PM: Pushing out the oldest month from the array of file months
08/29/12 3:55:38 PM: Adding files to the array of .rar files.
08/29/12 3:55:38 PM: Pushing out the oldest .rar file from the array of .rar files.
08/29/12 3:55:38 PM: Adding files to the array of .rar files.
08/29/12 3:55:38 PM: Pushing out the oldest month from the array of file months
08/29/12 3:55:38 PM: Adding files to the array of .rar files.
08/29/12 3:55:38 PM: Pushing out the oldest .rar file from the array of .rar files.
08/29/12 3:55:38 PM: Adding files to the array of .rar files.
08/29/12 3:55:38 PM: Pushing out the oldest month from the array of file months
08/29/12 3:55:38 PM: Adding files to the array of .rar files.
08/29/12 3:55:38 PM: Pushing out the oldest .rar file from the array of .rar files.
08/29/12 3:55:38 PM: Adding files to the array of .rar files.
08/29/12 3:55:38 PM: Pushing out the oldest month from the array of file months
08/29/12 3:55:38 PM: Adding files to the array of .rar files.
08/29/12 3:55:38 PM: Pushing out the oldest .rar file from the array of .rar files.
08/29/12 3:55:38 PM: Adding files to the array of .rar files.
08/29/12 3:55:38 PM: Pushing out the oldest month from the array of file months
08/29/12 3:55:38 PM: Adding files to the array of .rar files.
08/29/12 3:55:38 PM: Pushing out the oldest .rar file from the array of .rar files.
08/29/12 3:55:38 PM: Adding files to the array of .rar files.
08/29/12 3:55:38 PM: Pushing out the oldest month from the array of file months
08/29/12 3:55:38 PM: Getting Compressed Files.
08/29/12 3:55:38 PM: The file existed and was read from.
08/29/12 3:55:38 PM: Loading the information.
08/29/12 3:55:38 PM: Getting ready to compress the file.
08/29/12 3:55:38 PM: Searching for a compressed files.
08/29/12 3:55:38 PM: Removing the date from the current file.
